# JRE version: OpenJDK Runtime Environment Temurin-17.0.5+8 (17.0.5+8) (build 17.0.5+8)
# Java VM: OpenJDK 64-Bit Server VM Temurin-17.0.5+8 (17.0.5+8, mixed mode, emulated-client, tiered, compressed oops, compressed class ptrs, g1 gc, windows-amd64)
GC Precious Log:
 CPUs: 4 total, 4 available
 Memory: 8090M
 Large Page Support: Disabled
 NUMA Support: Disabled
 Compressed Oops: Enabled (32-bit)
 Heap Region Size: 1M
 Heap Min Capacity: 8M
 Heap Initial Capacity: 128M
 Heap Max Capacity: 2024M
 Pre-touch: Disabled
 Parallel Workers: 4
 Concurrent Workers: 1
 Concurrent Refinement Workers: 4
 Periodic GC: Disabled
Heap:
 garbage-first heap   total 211968K, used 56746K [0x0000000081800000, 0x0000000100000000)
  region size 1024K, 2 young (2048K), 2 survivors (2048K)
 Metaspace       used 80623K, committed 81216K, reserved 1122304K
  class space    used 11049K, committed 11328K, reserved 1048576K
GC Heap History (20 events):
Event: 25.811 GC heap after
{Heap after GC invocations=30 (full 0):
 garbage-first heap   total 115712K, used 45193K [0x0000000081800000, 0x0000000100000000)
  region size 1024K, 4 young (4096K), 4 survivors (4096K)
 Metaspace       used 78734K, committed 79296K, reserved 1122304K
  class space    used 10785K, committed 11072K, reserved 1048576K
}
Event: 26.231 GC heap before
{Heap before GC invocations=30 (full 0):
 garbage-first heap   total 115712K, used 97417K [0x0000000081800000, 0x0000000100000000)
  region size 1024K, 54 young (55296K), 4 survivors (4096K)
 Metaspace       used 80300K, committed 80832K, reserved 1122304K
  class space    used 10974K, committed 11264K, reserved 1048576K
}
Event: 26.243 GC heap after
{Heap after GC invocations=31 (full 0):
 garbage-first heap   total 115712K, used 53676K [0x0000000081800000, 0x0000000100000000)
  region size 1024K, 7 young (7168K), 7 survivors (7168K)
 Metaspace       used 80300K, committed 80832K, reserved 1122304K
  class space    used 10974K, committed 11264K, reserved 1048576K
}
Event: 26.420 GC heap before
{Heap before GC invocations=31 (full 0):
 garbage-first heap   total 115712K, used 91564K [0x0000000081800000, 0x0000000100000000)
  region size 1024K, 44 young (45056K), 7 survivors (7168K)
 Metaspace       used 80396K, committed 80960K, reserved 1122304K
  class space    used 10988K, committed 11264K, reserved 1048576K
}
Event: 26.438 GC heap after
{Heap after GC invocations=32 (full 0):
 garbage-first heap   total 115712K, used 63279K [0x0000000081800000, 0x0000000100000000)
  region size 1024K, 6 young (6144K), 6 survivors (6144K)
 Metaspace       used 80396K, committed 80960K, reserved 1122304K
  class space    used 10988K, committed 11264K, reserved 1048576K
}
Event: 26.488 GC heap before
{Heap before GC invocations=32 (full 0):
 garbage-first heap   total 115712K, used 78639K [0x0000000081800000, 0x0000000100000000)
  region size 1024K, 23 young (23552K), 6 survivors (6144K)
 Metaspace       used 80396K, committed 80960K, reserved 1122304K
  class space    used 10988K, committed 11264K, reserved 1048576K
}
Event: 26.495 GC heap after
{Heap after GC invocations=33 (full 0):
 garbage-first heap   total 115712K, used 68088K [0x0000000081800000, 0x0000000100000000)
  region size 1024K, 4 young (4096K), 4 survivors (4096K)
 Metaspace       used 80396K, committed 80960K, reserved 1122304K
  class space    used 10988K, committed 11264K, reserved 1048576K
}
Event: 26.604 GC heap before
{Heap before GC invocations=33 (full 0):
 garbage-first heap   total 115712K, used 92664K [0x0000000081800000, 0x0000000100000000)
  region size 1024K, 26 young (26624K), 4 survivors (4096K)
 Metaspace       used 80396K, committed 80960K, reserved 1122304K
  class space    used 10988K, committed 11264K, reserved 1048576K
}
Event: 26.610 GC heap after
{Heap after GC invocations=34 (full 0):
 garbage-first heap   total 207872K, used 73042K [0x0000000081800000, 0x0000000100000000)
  region size 1024K, 4 young (4096K), 4 survivors (4096K)
 Metaspace       used 80396K, committed 80960K, reserved 1122304K
  class space    used 10988K, committed 11264K, reserved 1048576K
}
Event: 26.898 GC heap before
{Heap before GC invocations=35 (full 0):
 garbage-first heap   total 207872K, used 152914K [0x0000000081800000, 0x0000000100000000)
  region size 1024K, 81 young (82944K), 4 survivors (4096K)
 Metaspace       used 80396K, committed 80960K, reserved 1122304K
  class space    used 10988K, committed 11264K, reserved 1048576K
}
Event: 26.923 GC heap after
{Heap after GC invocations=36 (full 0):
 garbage-first heap   total 207872K, used 95133K [0x0000000081800000, 0x0000000100000000)
  region size 1024K, 11 young (11264K), 11 survivors (11264K)
 Metaspace       used 80396K, committed 80960K, reserved 1122304K
  class space    used 10988K, committed 11264K, reserved 1048576K
}
Event: 26.925 GC heap before
{Heap before GC invocations=36 (full 0):
 garbage-first heap   total 207872K, used 96157K [0x0000000081800000, 0x0000000100000000)
  region size 1024K, 12 young (12288K), 11 survivors (11264K)
 Metaspace       used 80396K, committed 80960K, reserved 1122304K
  class space    used 10988K, committed 11264K, reserved 1048576K
}
Event: 26.939 GC heap after
{Heap after GC invocations=37 (full 0):
 garbage-first heap   total 207872K, used 97202K [0x0000000081800000, 0x0000000100000000)
  region size 1024K, 2 young (2048K), 2 survivors (2048K)
 Metaspace       used 80396K, committed 80960K, reserved 1122304K
  class space    used 10988K, committed 11264K, reserved 1048576K
}
Event: 27.019 GC heap before
{Heap before GC invocations=37 (full 0):
 garbage-first heap   total 207872K, used 116658K [0x0000000081800000, 0x0000000100000000)
  region size 1024K, 23 young (23552K), 2 survivors (2048K)
 Metaspace       used 80404K, committed 80960K, reserved 1122304K
  class space    used 10989K, committed 11264K, reserved 1048576K
}
Event: 27.026 GC heap after
{Heap after GC invocations=38 (full 0):
 garbage-first heap   total 207872K, used 99751K [0x0000000081800000, 0x0000000100000000)
  region size 1024K, 5 young (5120K), 5 survivors (5120K)
 Metaspace       used 80404K, committed 80960K, reserved 1122304K
  class space    used 10989K, committed 11264K, reserved 1048576K
}
Event: 27.325 GC heap before
{Heap before GC invocations=39 (full 0):
 garbage-first heap   total 211968K, used 144807K [0x0000000081800000, 0x0000000100000000)
  region size 1024K, 59 young (60416K), 5 survivors (5120K)
 Metaspace       used 80479K, committed 81024K, reserved 1122304K
  class space    used 11014K, committed 11264K, reserved 1048576K
}
Event: 27.330 GC heap after
{Heap after GC invocations=40 (full 0):
 garbage-first heap   total 211968K, used 85868K [0x0000000081800000, 0x0000000100000000)
  region size 1024K, 1 young (1024K), 1 survivors (1024K)
 Metaspace       used 80479K, committed 81024K, reserved 1122304K
  class space    used 11014K, committed 11264K, reserved 1048576K
}
Event: 27.415 GC heap before
{Heap before GC invocations=40 (full 0):
 garbage-first heap   total 211968K, used 94060K [0x0000000081800000, 0x0000000100000000)
  region size 1024K, 10 young (10240K), 1 survivors (1024K)
 Metaspace       used 80605K, committed 81216K, reserved 1122304K
  class space    used 11043K, committed 11328K, reserved 1048576K
}
Event: 27.419 GC heap after
{Heap after GC invocations=41 (full 0):
 garbage-first heap   total 211968K, used 64776K [0x0000000081800000, 0x0000000100000000)
  region size 1024K, 2 young (2048K), 2 survivors (2048K)
 Metaspace       used 80605K, committed 81216K, reserved 1122304K
  class space    used 11043K, committed 11328K, reserved 1048576K
}
Event: 27.480 GC heap before
{Heap before GC invocations=41 (full 0):
 garbage-first heap   total 211968K, used 72968K [0x0000000081800000, 0x0000000100000000)
  region size 1024K, 10 young (10240K), 2 survivors (2048K)
 Metaspace       used 80623K, committed 81216K, reserved 1122304K
  class space    used 11049K, committed 11328K, reserved 1048576K
}

