# JRE version: Java(TM) SE Runtime Environment (17.0.5+9) (build 17.0.5+9-LTS-191)
# Java VM: Java HotSpot(TM) 64-Bit Server VM (17.0.5+9-LTS-191, mixed mode, emulated-client, sharing, tiered, compressed oops, compressed class ptrs, g1 gc, windows-amd64)
GC Precious Log:
 CPUs: 4 total, 4 available
 Memory: 8090M
 Large Page Support: Disabled
 NUMA Support: Disabled
 Compressed Oops: Enabled (32-bit)
 Heap Region Size: 1M
 Heap Min Capacity: 8M
 Heap Initial Capacity: 128M
 Heap Max Capacity: 2024M
 Pre-touch: Disabled
 Parallel Workers: 4
 Concurrent Workers: 1
 Concurrent Refinement Workers: 4
 Periodic GC: Disabled
Heap:
 garbage-first heap   total 131072K, used 49958K [0x0000000081800000, 0x0000000100000000)
  region size 1024K, 1 young (1024K), 1 survivors (1024K)
 Metaspace       used 43716K, committed 44224K, reserved 1089536K
  class space    used 6238K, committed 6464K, reserved 1048576K
GC Heap History (20 events):
Event: 11.421 GC heap after
{Heap after GC invocations=10 (full 0):
 garbage-first heap   total 61440K, used 21167K [0x0000000081800000, 0x0000000100000000)
  region size 1024K, 1 young (1024K), 1 survivors (1024K)
 Metaspace       used 31994K, committed 32384K, reserved 1081344K
  class space    used 4604K, committed 4800K, reserved 1048576K
}
Event: 12.137 GC heap before
{Heap before GC invocations=10 (full 0):
 garbage-first heap   total 61440K, used 38575K [0x0000000081800000, 0x0000000100000000)
  region size 1024K, 19 young (19456K), 1 survivors (1024K)
 Metaspace       used 35553K, committed 35968K, reserved 1081344K
  class space    used 5090K, committed 5312K, reserved 1048576K
}
Event: 12.145 GC heap after
{Heap after GC invocations=11 (full 0):
 garbage-first heap   total 61440K, used 23590K [0x0000000081800000, 0x0000000100000000)
  region size 1024K, 4 young (4096K), 4 survivors (4096K)
 Metaspace       used 35553K, committed 35968K, reserved 1081344K
  class space    used 5090K, committed 5312K, reserved 1048576K
}
Event: 12.717 GC heap before
{Heap before GC invocations=12 (full 0):
 garbage-first heap   total 61440K, used 46118K [0x0000000081800000, 0x0000000100000000)
  region size 1024K, 26 young (26624K), 4 survivors (4096K)
 Metaspace       used 39243K, committed 39744K, reserved 1089536K
  class space    used 5635K, committed 5888K, reserved 1048576K
}
Event: 12.728 GC heap after
{Heap after GC invocations=13 (full 0):
 garbage-first heap   total 61440K, used 25994K [0x0000000081800000, 0x0000000100000000)
  region size 1024K, 3 young (3072K), 3 survivors (3072K)
 Metaspace       used 39243K, committed 39744K, reserved 1089536K
  class space    used 5635K, committed 5888K, reserved 1048576K
}
Event: 13.224 GC heap before
{Heap before GC invocations=13 (full 0):
 garbage-first heap   total 61440K, used 46474K [0x0000000081800000, 0x0000000100000000)
  region size 1024K, 23 young (23552K), 3 survivors (3072K)
 Metaspace       used 41841K, committed 42304K, reserved 1089536K
  class space    used 5991K, committed 6208K, reserved 1048576K
}
Event: 13.232 GC heap after
{Heap after GC invocations=14 (full 0):
 garbage-first heap   total 61440K, used 27343K [0x0000000081800000, 0x0000000100000000)
  region size 1024K, 2 young (2048K), 2 survivors (2048K)
 Metaspace       used 41841K, committed 42304K, reserved 1089536K
  class space    used 5991K, committed 6208K, reserved 1048576K
}
Event: 13.576 GC heap before
{Heap before GC invocations=14 (full 0):
 garbage-first heap   total 61440K, used 47823K [0x0000000081800000, 0x0000000100000000)
  region size 1024K, 22 young (22528K), 2 survivors (2048K)
 Metaspace       used 43607K, committed 44032K, reserved 1089536K
  class space    used 6224K, committed 6464K, reserved 1048576K
}
Event: 13.590 GC heap after
{Heap after GC invocations=15 (full 0):
 garbage-first heap   total 61440K, used 29946K [0x0000000081800000, 0x0000000100000000)
  region size 1024K, 3 young (3072K), 3 survivors (3072K)
 Metaspace       used 43607K, committed 44032K, reserved 1089536K
  class space    used 6224K, committed 6464K, reserved 1048576K
}
Event: 13.701 GC heap before
{Heap before GC invocations=15 (full 0):
 garbage-first heap   total 61440K, used 47354K [0x0000000081800000, 0x0000000100000000)
  region size 1024K, 21 young (21504K), 3 survivors (3072K)
 Metaspace       used 43607K, committed 44032K, reserved 1089536K
  class space    used 6224K, committed 6464K, reserved 1048576K
}
Event: 13.716 GC heap after
{Heap after GC invocations=16 (full 0):
 garbage-first heap   total 73728K, used 34409K [0x0000000081800000, 0x0000000100000000)
  region size 1024K, 3 young (3072K), 3 survivors (3072K)
 Metaspace       used 43607K, committed 44032K, reserved 1089536K
  class space    used 6224K, committed 6464K, reserved 1048576K
}
Event: 14.343 GC heap before
{Heap before GC invocations=16 (full 0):
 garbage-first heap   total 73728K, used 55913K [0x0000000081800000, 0x0000000100000000)
  region size 1024K, 24 young (24576K), 3 survivors (3072K)
 Metaspace       used 43716K, committed 44224K, reserved 1089536K
  class space    used 6238K, committed 6464K, reserved 1048576K
}
Event: 14.358 GC heap after
{Heap after GC invocations=17 (full 0):
 garbage-first heap   total 73728K, used 40702K [0x0000000081800000, 0x0000000100000000)
  region size 1024K, 3 young (3072K), 3 survivors (3072K)
 Metaspace       used 43716K, committed 44224K, reserved 1089536K
  class space    used 6238K, committed 6464K, reserved 1048576K
}
Event: 14.381 GC heap before
{Heap before GC invocations=17 (full 0):
 garbage-first heap   total 73728K, used 47870K [0x0000000081800000, 0x0000000100000000)
  region size 1024K, 11 young (11264K), 3 survivors (3072K)
 Metaspace       used 43716K, committed 44224K, reserved 1089536K
  class space    used 6238K, committed 6464K, reserved 1048576K
}
Event: 14.390 GC heap after
{Heap after GC invocations=18 (full 0):
 garbage-first heap   total 73728K, used 42720K [0x0000000081800000, 0x0000000100000000)
  region size 1024K, 2 young (2048K), 2 survivors (2048K)
 Metaspace       used 43716K, committed 44224K, reserved 1089536K
  class space    used 6238K, committed 6464K, reserved 1048576K
}
Event: 14.462 GC heap before
{Heap before GC invocations=18 (full 0):
 garbage-first heap   total 73728K, used 56032K [0x0000000081800000, 0x0000000100000000)
  region size 1024K, 15 young (15360K), 2 survivors (2048K)
 Metaspace       used 43716K, committed 44224K, reserved 1089536K
  class space    used 6238K, committed 6464K, reserved 1048576K
}
Event: 14.469 GC heap after
{Heap after GC invocations=19 (full 0):
 garbage-first heap   total 73728K, used 45410K [0x0000000081800000, 0x0000000100000000)
  region size 1024K, 2 young (2048K), 2 survivors (2048K)
 Metaspace       used 43716K, committed 44224K, reserved 1089536K
  class space    used 6238K, committed 6464K, reserved 1048576K
}
Event: 14.572 GC heap before
{Heap before GC invocations=20 (full 0):
 garbage-first heap   total 86016K, used 56674K [0x0000000081800000, 0x0000000100000000)
  region size 1024K, 13 young (13312K), 2 survivors (2048K)
 Metaspace       used 43716K, committed 44224K, reserved 1089536K
  class space    used 6238K, committed 6464K, reserved 1048576K
}
Event: 14.583 GC heap after
{Heap after GC invocations=21 (full 0):
 garbage-first heap   total 86016K, used 49217K [0x0000000081800000, 0x0000000100000000)
  region size 1024K, 2 young (2048K), 2 survivors (2048K)
 Metaspace       used 43716K, committed 44224K, reserved 1089536K
  class space    used 6238K, committed 6464K, reserved 1048576K
}
Event: 14.588 GC heap before
{Heap before GC invocations=21 (full 0):
 garbage-first heap   total 86016K, used 51265K [0x0000000081800000, 0x0000000100000000)
  region size 1024K, 4 young (4096K), 2 survivors (2048K)
 Metaspace       used 43716K, committed 44224K, reserved 1089536K
  class space    used 6238K, committed 6464K, reserved 1048576K
}

