# JRE version: OpenJDK Runtime Environment Temurin-17.0.5+8 (17.0.5+8) (build 17.0.5+8)
# Java VM: OpenJDK 64-Bit Server VM Temurin-17.0.5+8 (17.0.5+8, mixed mode, emulated-client, tiered, compressed oops, compressed class ptrs, g1 gc, windows-amd64)
GC Precious Log:
 CPUs: 4 total, 4 available
 Memory: 8090M
 Large Page Support: Disabled
 NUMA Support: Disabled
 Compressed Oops: Enabled (32-bit)
 Heap Region Size: 1M
 Heap Min Capacity: 8M
 Heap Initial Capacity: 128M
 Heap Max Capacity: 2024M
 Pre-touch: Disabled
 Parallel Workers: 4
 Concurrent Workers: 1
 Concurrent Refinement Workers: 4
 Periodic GC: Disabled
Heap:
 garbage-first heap   total 69632K, used 54986K [0x0000000081800000, 0x0000000100000000)
  region size 1024K, 28 young (28672K), 4 survivors (4096K)
 Metaspace       used 52773K, committed 53248K, reserved 1097728K
  class space    used 7041K, committed 7232K, reserved 1048576K
GC Heap History (20 events):
Event: 7.298 GC heap before
{Heap before GC invocations=8 (full 0):
 garbage-first heap   total 37888K, used 24703K [0x0000000081800000, 0x0000000100000000)
  region size 1024K, 15 young (15360K), 1 survivors (1024K)
 Metaspace       used 29473K, committed 29760K, reserved 1081344K
  class space    used 3593K, committed 3712K, reserved 1048576K
}
Event: 7.301 GC heap after
{Heap after GC invocations=9 (full 0):
 garbage-first heap   total 37888K, used 12879K [0x0000000081800000, 0x0000000100000000)
  region size 1024K, 2 young (2048K), 2 survivors (2048K)
 Metaspace       used 29473K, committed 29760K, reserved 1081344K
  class space    used 3593K, committed 3712K, reserved 1048576K
}
Event: 7.739 GC heap before
{Heap before GC invocations=9 (full 0):
 garbage-first heap   total 37888K, used 25167K [0x0000000081800000, 0x0000000100000000)
  region size 1024K, 15 young (15360K), 2 survivors (2048K)
 Metaspace       used 30962K, committed 31232K, reserved 1081344K
  class space    used 3828K, committed 3968K, reserved 1048576K
}
Event: 7.745 GC heap after
{Heap after GC invocations=10 (full 0):
 garbage-first heap   total 57344K, used 14043K [0x0000000081800000, 0x0000000100000000)
  region size 1024K, 2 young (2048K), 2 survivors (2048K)
 Metaspace       used 30962K, committed 31232K, reserved 1081344K
  class space    used 3828K, committed 3968K, reserved 1048576K
}
Event: 8.867 GC heap before
{Heap before GC invocations=10 (full 0):
 garbage-first heap   total 57344K, used 41691K [0x0000000081800000, 0x0000000100000000)
  region size 1024K, 29 young (29696K), 2 survivors (2048K)
 Metaspace       used 32833K, committed 33152K, reserved 1081344K
  class space    used 4135K, committed 4288K, reserved 1048576K
}
Event: 8.876 GC heap after
{Heap after GC invocations=11 (full 0):
 garbage-first heap   total 57344K, used 16093K [0x0000000081800000, 0x0000000100000000)
  region size 1024K, 4 young (4096K), 4 survivors (4096K)
 Metaspace       used 32833K, committed 33152K, reserved 1081344K
  class space    used 4135K, committed 4288K, reserved 1048576K
}
Event: 9.946 GC heap before
{Heap before GC invocations=11 (full 0):
 garbage-first heap   total 57344K, used 40669K [0x0000000081800000, 0x0000000100000000)
  region size 1024K, 28 young (28672K), 4 survivors (4096K)
 Metaspace       used 35327K, committed 35712K, reserved 1081344K
  class space    used 4500K, committed 4672K, reserved 1048576K
}
Event: 9.958 GC heap after
{Heap after GC invocations=12 (full 0):
 garbage-first heap   total 57344K, used 17967K [0x0000000081800000, 0x0000000100000000)
  region size 1024K, 2 young (2048K), 2 survivors (2048K)
 Metaspace       used 35327K, committed 35712K, reserved 1081344K
  class space    used 4500K, committed 4672K, reserved 1048576K
}
Event: 10.069 GC heap before
{Heap before GC invocations=12 (full 0):
 garbage-first heap   total 57344K, used 20015K [0x0000000081800000, 0x0000000100000000)
  region size 1024K, 5 young (5120K), 2 survivors (2048K)
 Metaspace       used 35609K, committed 35968K, reserved 1081344K
  class space    used 4544K, committed 4736K, reserved 1048576K
}
Event: 10.076 GC heap after
{Heap after GC invocations=13 (full 0):
 garbage-first heap   total 57344K, used 17967K [0x0000000081800000, 0x0000000100000000)
  region size 1024K, 2 young (2048K), 2 survivors (2048K)
 Metaspace       used 35609K, committed 35968K, reserved 1081344K
  class space    used 4544K, committed 4736K, reserved 1048576K
}
Event: 11.871 GC heap before
{Heap before GC invocations=14 (full 0):
 garbage-first heap   total 57344K, used 43567K [0x0000000081800000, 0x0000000100000000)
  region size 1024K, 27 young (27648K), 2 survivors (2048K)
 Metaspace       used 40050K, committed 40448K, reserved 1089536K
  class space    used 5253K, committed 5440K, reserved 1048576K
}
Event: 11.881 GC heap after
{Heap after GC invocations=15 (full 0):
 garbage-first heap   total 57344K, used 19534K [0x0000000081800000, 0x0000000100000000)
  region size 1024K, 4 young (4096K), 4 survivors (4096K)
 Metaspace       used 40050K, committed 40448K, reserved 1089536K
  class space    used 5253K, committed 5440K, reserved 1048576K
}
Event: 13.225 GC heap before
{Heap before GC invocations=15 (full 0):
 garbage-first heap   total 57344K, used 44110K [0x0000000081800000, 0x0000000100000000)
  region size 1024K, 28 young (28672K), 4 survivors (4096K)
 Metaspace       used 44213K, committed 44608K, reserved 1089536K
  class space    used 5833K, committed 6016K, reserved 1048576K
}
Event: 13.240 GC heap after
{Heap after GC invocations=16 (full 0):
 garbage-first heap   total 57344K, used 21489K [0x0000000081800000, 0x0000000100000000)
  region size 1024K, 4 young (4096K), 4 survivors (4096K)
 Metaspace       used 44213K, committed 44608K, reserved 1089536K
  class space    used 5833K, committed 6016K, reserved 1048576K
}
Event: 14.221 GC heap before
{Heap before GC invocations=16 (full 0):
 garbage-first heap   total 57344K, used 45041K [0x0000000081800000, 0x0000000100000000)
  region size 1024K, 27 young (27648K), 4 survivors (4096K)
 Metaspace       used 48037K, committed 48448K, reserved 1097728K
  class space    used 6387K, committed 6592K, reserved 1048576K
}
Event: 14.236 GC heap after
{Heap after GC invocations=17 (full 0):
 garbage-first heap   total 57344K, used 24001K [0x0000000081800000, 0x0000000100000000)
  region size 1024K, 4 young (4096K), 4 survivors (4096K)
 Metaspace       used 48037K, committed 48448K, reserved 1097728K
  class space    used 6387K, committed 6592K, reserved 1048576K
}
Event: 15.151 GC heap before
{Heap before GC invocations=17 (full 0):
 garbage-first heap   total 57344K, used 44481K [0x0000000081800000, 0x0000000100000000)
  region size 1024K, 24 young (24576K), 4 survivors (4096K)
 Metaspace       used 50312K, committed 50752K, reserved 1097728K
  class space    used 6695K, committed 6912K, reserved 1048576K
}
Event: 15.168 GC heap after
{Heap after GC invocations=18 (full 0):
 garbage-first heap   total 69632K, used 26224K [0x0000000081800000, 0x0000000100000000)
  region size 1024K, 2 young (2048K), 2 survivors (2048K)
 Metaspace       used 50312K, committed 50752K, reserved 1097728K
  class space    used 6695K, committed 6912K, reserved 1048576K
}
Event: 16.129 GC heap before
{Heap before GC invocations=18 (full 0):
 garbage-first heap   total 69632K, used 52848K [0x0000000081800000, 0x0000000100000000)
  region size 1024K, 29 young (29696K), 2 survivors (2048K)
 Metaspace       used 52761K, committed 53248K, reserved 1097728K
  class space    used 7039K, committed 7232K, reserved 1048576K
}
Event: 16.145 GC heap after
{Heap after GC invocations=19 (full 0):
 garbage-first heap   total 69632K, used 29386K [0x0000000081800000, 0x0000000100000000)
  region size 1024K, 4 young (4096K), 4 survivors (4096K)
 Metaspace       used 52761K, committed 53248K, reserved 1097728K
  class space    used 7039K, committed 7232K, reserved 1048576K
}

