# JRE version: Java(TM) SE Runtime Environment (17.0.5+9) (build 17.0.5+9-LTS-191)
# Java VM: Java HotSpot(TM) 64-Bit Server VM (17.0.5+9-LTS-191, mixed mode, emulated-client, sharing, tiered, compressed oops, compressed class ptrs, g1 gc, windows-amd64)
GC Precious Log:
 CPUs: 4 total, 4 available
 Memory: 8090M
 Large Page Support: Disabled
 NUMA Support: Disabled
 Compressed Oops: Enabled (32-bit)
 Heap Region Size: 1M
 Heap Min Capacity: 8M
 Heap Initial Capacity: 128M
 Heap Max Capacity: 2024M
 Pre-touch: Disabled
 Parallel Workers: 4
 Concurrent Workers: 1
 Concurrent Refinement Workers: 4
 Periodic GC: Disabled
Heap:
 garbage-first heap   total 61440K, used 44011K [0x0000000081800000, 0x0000000100000000)
  region size 1024K, 16 young (16384K), 1 survivors (1024K)
 Metaspace       used 53666K, committed 54528K, reserved 1097728K
  class space    used 7690K, committed 8064K, reserved 1048576K
GC Heap History (20 events):
Event: 20.538 GC heap before
{Heap before GC invocations=11 (full 0):
 garbage-first heap   total 51200K, used 29869K [0x0000000081800000, 0x0000000100000000)
  region size 1024K, 13 young (13312K), 3 survivors (3072K)
 Metaspace       used 35522K, committed 35968K, reserved 1081344K
  class space    used 4994K, committed 5184K, reserved 1048576K
}
Event: 20.546 GC heap after
{Heap after GC invocations=12 (full 0):
 garbage-first heap   total 51200K, used 21181K [0x0000000081800000, 0x0000000100000000)
  region size 1024K, 2 young (2048K), 2 survivors (2048K)
 Metaspace       used 35522K, committed 35968K, reserved 1081344K
  class space    used 4994K, committed 5184K, reserved 1048576K
}
Event: 22.791 GC heap before
{Heap before GC invocations=13 (full 0):
 garbage-first heap   total 51200K, used 40637K [0x0000000081800000, 0x0000000100000000)
  region size 1024K, 21 young (21504K), 2 survivors (2048K)
 Metaspace       used 37923K, committed 38400K, reserved 1089536K
  class space    used 5342K, committed 5568K, reserved 1048576K
}
Event: 22.796 GC heap after
{Heap after GC invocations=14 (full 0):
 garbage-first heap   total 61440K, used 23596K [0x0000000081800000, 0x0000000100000000)
  region size 1024K, 3 young (3072K), 3 survivors (3072K)
 Metaspace       used 37923K, committed 38400K, reserved 1089536K
  class space    used 5342K, committed 5568K, reserved 1048576K
}
Event: 25.344 GC heap before
{Heap before GC invocations=14 (full 0):
 garbage-first heap   total 61440K, used 46124K [0x0000000081800000, 0x0000000100000000)
  region size 1024K, 25 young (25600K), 3 survivors (3072K)
 Metaspace       used 41024K, committed 41472K, reserved 1089536K
  class space    used 5881K, committed 6080K, reserved 1048576K
}
Event: 25.350 GC heap after
{Heap after GC invocations=15 (full 0):
 garbage-first heap   total 61440K, used 25534K [0x0000000081800000, 0x0000000100000000)
  region size 1024K, 2 young (2048K), 2 survivors (2048K)
 Metaspace       used 41024K, committed 41472K, reserved 1089536K
  class space    used 5881K, committed 6080K, reserved 1048576K
}
Event: 26.702 GC heap before
{Heap before GC invocations=15 (full 0):
 garbage-first heap   total 61440K, used 48062K [0x0000000081800000, 0x0000000100000000)
  region size 1024K, 24 young (24576K), 2 survivors (2048K)
 Metaspace       used 43806K, committed 44352K, reserved 1089536K
  class space    used 6319K, committed 6592K, reserved 1048576K
}
Event: 26.708 GC heap after
{Heap after GC invocations=16 (full 0):
 garbage-first heap   total 61440K, used 27456K [0x0000000081800000, 0x0000000100000000)
  region size 1024K, 2 young (2048K), 2 survivors (2048K)
 Metaspace       used 43806K, committed 44352K, reserved 1089536K
  class space    used 6319K, committed 6592K, reserved 1048576K
}
Event: 32.888 GC heap before
{Heap before GC invocations=16 (full 0):
 garbage-first heap   total 61440K, used 48960K [0x0000000081800000, 0x0000000100000000)
  region size 1024K, 23 young (23552K), 2 survivors (2048K)
 Metaspace       used 47913K, committed 48448K, reserved 1097728K
  class space    used 6867K, committed 7104K, reserved 1048576K
}
Event: 32.895 GC heap after
{Heap after GC invocations=17 (full 0):
 garbage-first heap   total 61440K, used 30620K [0x0000000081800000, 0x0000000100000000)
  region size 1024K, 3 young (3072K), 3 survivors (3072K)
 Metaspace       used 47913K, committed 48448K, reserved 1097728K
  class space    used 6867K, committed 7104K, reserved 1048576K
}
Event: 36.390 GC heap before
{Heap before GC invocations=17 (full 0):
 garbage-first heap   total 61440K, used 48028K [0x0000000081800000, 0x0000000100000000)
  region size 1024K, 21 young (21504K), 3 survivors (3072K)
 Metaspace       used 51730K, committed 52352K, reserved 1097728K
  class space    used 7411K, committed 7680K, reserved 1048576K
}
Event: 36.399 GC heap after
{Heap after GC invocations=18 (full 0):
 garbage-first heap   total 61440K, used 32290K [0x0000000081800000, 0x0000000100000000)
  region size 1024K, 2 young (2048K), 2 survivors (2048K)
 Metaspace       used 51730K, committed 52352K, reserved 1097728K
  class space    used 7411K, committed 7680K, reserved 1048576K
}
Event: 127.820 GC heap before
{Heap before GC invocations=18 (full 0):
 garbage-first heap   total 61440K, used 47650K [0x0000000081800000, 0x0000000100000000)
  region size 1024K, 18 young (18432K), 2 survivors (2048K)
 Metaspace       used 53885K, committed 54528K, reserved 1097728K
  class space    used 7738K, committed 8064K, reserved 1048576K
}
Event: 127.825 GC heap after
{Heap after GC invocations=19 (full 0):
 garbage-first heap   total 61440K, used 33223K [0x0000000081800000, 0x0000000100000000)
  region size 1024K, 3 young (3072K), 3 survivors (3072K)
 Metaspace       used 53885K, committed 54528K, reserved 1097728K
  class space    used 7738K, committed 8064K, reserved 1048576K
}
Event: 475.525 GC heap before
{Heap before GC invocations=20 (full 0):
 garbage-first heap   total 61440K, used 48583K [0x0000000081800000, 0x0000000100000000)
  region size 1024K, 19 young (19456K), 3 survivors (3072K)
 Metaspace       used 53631K, committed 54528K, reserved 1097728K
  class space    used 7681K, committed 8064K, reserved 1048576K
}
Event: 475.539 GC heap after
{Heap after GC invocations=21 (full 0):
 garbage-first heap   total 61440K, used 33746K [0x0000000081800000, 0x0000000100000000)
  region size 1024K, 2 young (2048K), 2 survivors (2048K)
 Metaspace       used 53631K, committed 54528K, reserved 1097728K
  class space    used 7681K, committed 8064K, reserved 1048576K
}
Event: 486.433 GC heap before
{Heap before GC invocations=21 (full 0):
 garbage-first heap   total 61440K, used 34770K [0x0000000081800000, 0x0000000100000000)
  region size 1024K, 3 young (3072K), 2 survivors (2048K)
 Metaspace       used 53631K, committed 54528K, reserved 1097728K
  class space    used 7681K, committed 8064K, reserved 1048576K
}
Event: 486.456 GC heap after
{Heap after GC invocations=22 (full 0):
 garbage-first heap   total 61440K, used 30264K [0x0000000081800000, 0x0000000100000000)
  region size 1024K, 1 young (1024K), 1 survivors (1024K)
 Metaspace       used 53631K, committed 54528K, reserved 1097728K
  class space    used 7681K, committed 8064K, reserved 1048576K
}
Event: 521.774 GC heap before
{Heap before GC invocations=22 (full 0):
 garbage-first heap   total 61440K, used 32312K [0x0000000081800000, 0x0000000100000000)
  region size 1024K, 3 young (3072K), 1 survivors (1024K)
 Metaspace       used 53632K, committed 54528K, reserved 1097728K
  class space    used 7681K, committed 8064K, reserved 1048576K
}
Event: 521.786 GC heap after
{Heap after GC invocations=23 (full 0):
 garbage-first heap   total 61440K, used 29675K [0x0000000081800000, 0x0000000100000000)
  region size 1024K, 1 young (1024K), 1 survivors (1024K)
 Metaspace       used 53632K, committed 54528K, reserved 1097728K
  class space    used 7681K, committed 8064K, reserved 1048576K
}

